<?xml version="1.0" encoding="UTF-8"?>
<coverage generated="1375232879">
  <project timestamp="1375232879">
    <package name="Eloquent\Schemer\Constraint\ArrayValue">
      <file name="/home/travis/build/eloquent/schemer/src/Eloquent/Schemer/Constraint/ArrayValue/AdditionalItemConstraint.php">
        <class name="AdditionalItemConstraint" namespace="Eloquent\Schemer\Constraint\ArrayValue">
          <metrics methods="1" coveredmethods="0" conditionals="0" coveredconditionals="0" statements="1" coveredstatements="0" elements="2" coveredelements="0"/>
        </class>
        <line num="24" type="method" name="accept" crap="2" count="0"/>
        <line num="26" type="stmt" count="0"/>
        <line num="29" type="stmt" count="0"/>
        <metrics loc="28" ncloc="15" classes="1" methods="1" coveredmethods="0" conditionals="0" coveredconditionals="0" statements="1" coveredstatements="0" elements="2" coveredelements="0"/>
      </file>
      <file name="/home/travis/build/eloquent/schemer/src/Eloquent/Schemer/Constraint/ArrayValue/ItemsConstraint.php">
        <class name="ItemsConstraint" namespace="Eloquent\Schemer\Constraint\ArrayValue">
          <metrics methods="4" coveredmethods="0" conditionals="0" coveredconditionals="0" statements="6" coveredstatements="0" elements="10" coveredelements="0"/>
        </class>
        <line num="24" type="method" name="__construct" crap="2" count="0"/>
        <line num="28" type="stmt" count="0"/>
        <line num="29" type="stmt" count="0"/>
        <line num="30" type="stmt" count="0"/>
        <line num="35" type="method" name="schemas" crap="2" count="0"/>
        <line num="37" type="stmt" count="0"/>
        <line num="43" type="method" name="additionalSchema" crap="2" count="0"/>
        <line num="45" type="stmt" count="0"/>
        <line num="53" type="method" name="accept" crap="2" count="0"/>
        <line num="55" type="stmt" count="0"/>
        <line num="61" type="stmt" count="0"/>
        <metrics loc="60" ncloc="37" classes="1" methods="4" coveredmethods="0" conditionals="0" coveredconditionals="0" statements="6" coveredstatements="0" elements="10" coveredelements="0"/>
      </file>
      <file name="/home/travis/build/eloquent/schemer/src/Eloquent/Schemer/Constraint/ArrayValue/MaximumItemsConstraint.php">
        <class name="MaximumItemsConstraint" namespace="Eloquent\Schemer\Constraint\ArrayValue">
          <metrics methods="3" coveredmethods="0" conditionals="0" coveredconditionals="0" statements="4" coveredstatements="0" elements="7" coveredelements="0"/>
        </class>
        <line num="22" type="method" name="__construct" crap="2" count="0"/>
        <line num="24" type="stmt" count="0"/>
        <line num="25" type="stmt" count="0"/>
        <line num="30" type="method" name="maximum" crap="2" count="0"/>
        <line num="32" type="stmt" count="0"/>
        <line num="40" type="method" name="accept" crap="2" count="0"/>
        <line num="42" type="stmt" count="0"/>
        <line num="47" type="stmt" count="0"/>
        <metrics loc="46" ncloc="27" classes="1" methods="3" coveredmethods="0" conditionals="0" coveredconditionals="0" statements="4" coveredstatements="0" elements="7" coveredelements="0"/>
      </file>
      <file name="/home/travis/build/eloquent/schemer/src/Eloquent/Schemer/Constraint/ArrayValue/MinimumItemsConstraint.php">
        <class name="MinimumItemsConstraint" namespace="Eloquent\Schemer\Constraint\ArrayValue">
          <metrics methods="3" coveredmethods="0" conditionals="0" coveredconditionals="0" statements="4" coveredstatements="0" elements="7" coveredelements="0"/>
        </class>
        <line num="22" type="method" name="__construct" crap="2" count="0"/>
        <line num="24" type="stmt" count="0"/>
        <line num="25" type="stmt" count="0"/>
        <line num="30" type="method" name="minimum" crap="2" count="0"/>
        <line num="32" type="stmt" count="0"/>
        <line num="40" type="method" name="accept" crap="2" count="0"/>
        <line num="42" type="stmt" count="0"/>
        <line num="47" type="stmt" count="0"/>
        <metrics loc="46" ncloc="27" classes="1" methods="3" coveredmethods="0" conditionals="0" coveredconditionals="0" statements="4" coveredstatements="0" elements="7" coveredelements="0"/>
      </file>
      <file name="/home/travis/build/eloquent/schemer/src/Eloquent/Schemer/Constraint/ArrayValue/UniqueItemsConstraint.php">
        <class name="UniqueItemsConstraint" namespace="Eloquent\Schemer\Constraint\ArrayValue">
          <metrics methods="3" coveredmethods="0" conditionals="0" coveredconditionals="0" statements="4" coveredstatements="0" elements="7" coveredelements="0"/>
        </class>
        <line num="22" type="method" name="__construct" crap="2" count="0"/>
        <line num="24" type="stmt" count="0"/>
        <line num="25" type="stmt" count="0"/>
        <line num="30" type="method" name="value" crap="2" count="0"/>
        <line num="32" type="stmt" count="0"/>
        <line num="40" type="method" name="accept" crap="2" count="0"/>
        <line num="42" type="stmt" count="0"/>
        <line num="47" type="stmt" count="0"/>
        <metrics loc="46" ncloc="27" classes="1" methods="3" coveredmethods="0" conditionals="0" coveredconditionals="0" statements="4" coveredstatements="0" elements="7" coveredelements="0"/>
      </file>
    </package>
    <file name="/home/travis/build/eloquent/schemer/src/Eloquent/Schemer/Constraint/ConstraintInterface.php">
      <line num="23" type="stmt" count="0"/>
      <metrics loc="22" ncloc="9" classes="0" methods="0" coveredmethods="0" conditionals="0" coveredconditionals="0" statements="0" coveredstatements="0" elements="0" coveredelements="0"/>
    </file>
    <package name="Eloquent\Schemer\Constraint\DateTimeValue">
      <file name="/home/travis/build/eloquent/schemer/src/Eloquent/Schemer/Constraint/DateTimeValue/MaximumDateTimeConstraint.php">
        <class name="MaximumDateTimeConstraint" namespace="Eloquent\Schemer\Constraint\DateTimeValue">
          <metrics methods="3" coveredmethods="0" conditionals="0" coveredconditionals="0" statements="4" coveredstatements="0" elements="7" coveredelements="0"/>
        </class>
        <line num="23" type="method" name="__construct" crap="2" count="0"/>
        <line num="25" type="stmt" count="0"/>
        <line num="26" type="stmt" count="0"/>
        <line num="31" type="method" name="maximum" crap="2" count="0"/>
        <line num="33" type="stmt" count="0"/>
        <line num="41" type="method" name="accept" crap="2" count="0"/>
        <line num="43" type="stmt" count="0"/>
        <line num="48" type="stmt" count="0"/>
        <metrics loc="47" ncloc="28" classes="1" methods="3" coveredmethods="0" conditionals="0" coveredconditionals="0" statements="4" coveredstatements="0" elements="7" coveredelements="0"/>
      </file>
      <file name="/home/travis/build/eloquent/schemer/src/Eloquent/Schemer/Constraint/DateTimeValue/MinimumDateTimeConstraint.php">
        <class name="MinimumDateTimeConstraint" namespace="Eloquent\Schemer\Constraint\DateTimeValue">
          <metrics methods="3" coveredmethods="0" conditionals="0" coveredconditionals="0" statements="4" coveredstatements="0" elements="7" coveredelements="0"/>
        </class>
        <line num="23" type="method" name="__construct" crap="2" count="0"/>
        <line num="25" type="stmt" count="0"/>
        <line num="26" type="stmt" count="0"/>
        <line num="31" type="method" name="minimum" crap="2" count="0"/>
        <line num="33" type="stmt" count="0"/>
        <line num="41" type="method" name="accept" crap="2" count="0"/>
        <line num="43" type="stmt" count="0"/>
        <line num="48" type="stmt" count="0"/>
        <metrics loc="47" ncloc="28" classes="1" methods="3" coveredmethods="0" conditionals="0" coveredconditionals="0" statements="4" coveredstatements="0" elements="7" coveredelements="0"/>
      </file>
    </package>
    <package name="Eloquent\Schemer\Constraint\Factory\Exception">
      <file name="/home/travis/build/eloquent/schemer/src/Eloquent/Schemer/Constraint/Factory/Exception/InvalidSchemaException.php">
        <class name="InvalidSchemaException" namespace="Eloquent\Schemer\Constraint\Factory\Exception">
          <metrics methods="4" coveredmethods="0" conditionals="0" coveredconditionals="0" statements="33" coveredstatements="0" elements="37" coveredelements="0"/>
        </class>
        <line num="10" type="stmt" count="0"/>
        <line num="28" type="method" name="__construct" crap="6" count="0"/>
        <line num="29" type="stmt" count="0"/>
        <line num="30" type="stmt" count="0"/>
        <line num="31" type="stmt" count="0"/>
        <line num="32" type="stmt" count="0"/>
        <line num="33" type="stmt" count="0"/>
        <line num="34" type="stmt" count="0"/>
        <line num="35" type="stmt" count="0"/>
        <line num="36" type="stmt" count="0"/>
        <line num="38" type="stmt" count="0"/>
        <line num="39" type="stmt" count="0"/>
        <line num="40" type="stmt" count="0"/>
        <line num="42" type="stmt" count="0"/>
        <line num="43" type="stmt" count="0"/>
        <line num="44" type="stmt" count="0"/>
        <line num="45" type="stmt" count="0"/>
        <line num="46" type="stmt" count="0"/>
        <line num="47" type="stmt" count="0"/>
        <line num="48" type="stmt" count="0"/>
        <line num="49" type="stmt" count="0"/>
        <line num="50" type="stmt" count="0"/>
        <line num="55" type="method" name="value" crap="2" count="0"/>
        <line num="56" type="stmt" count="0"/>
        <line num="57" type="stmt" count="0"/>
        <line num="58" type="stmt" count="0"/>
        <line num="63" type="method" name="result" crap="2" count="0"/>
        <line num="64" type="stmt" count="0"/>
        <line num="65" type="stmt" count="0"/>
        <line num="66" type="stmt" count="0"/>
        <line num="71" type="method" name="issueRenderer" crap="2" count="0"/>
        <line num="72" type="stmt" count="0"/>
        <line num="73" type="stmt" count="0"/>
        <line num="74" type="stmt" count="0"/>
        <metrics loc="79" ncloc="56" classes="1" methods="4" coveredmethods="0" conditionals="0" coveredconditionals="0" statements="34" coveredstatements="0" elements="38" coveredelements="0"/>
      </file>
    </package>
    <package name="Eloquent\Schemer\Constraint\Factory">
      <file name="/home/travis/build/eloquent/schemer/src/Eloquent/Schemer/Constraint/Factory/FormatConstraintFactory.php">
        <class name="FormatConstraintFactory" namespace="Eloquent\Schemer\Constraint\Factory">
          <metrics methods="5" coveredmethods="0" conditionals="0" coveredconditionals="0" statements="20" coveredstatements="0" elements="25" coveredelements="0"/>
        </class>
        <line num="19" type="method" name="__construct" crap="6" count="0"/>
        <line num="21" type="stmt" count="0"/>
        <line num="22" type="stmt" count="0"/>
        <line num="23" type="stmt" count="0"/>
        <line num="25" type="stmt" count="0"/>
        <line num="26" type="stmt" count="0"/>
        <line num="31" type="method" name="classMap" crap="2" count="0"/>
        <line num="33" type="stmt" count="0"/>
        <line num="39" type="method" name="defaultClassMap" crap="2" count="0"/>
        <line num="42" type="stmt" count="0"/>
        <line num="43" type="stmt" count="0"/>
        <line num="44" type="stmt" count="0"/>
        <line num="45" type="stmt" count="0"/>
        <line num="46" type="stmt" count="0"/>
        <line num="47" type="stmt" count="0"/>
        <line num="48" type="stmt" count="0"/>
        <line num="55" type="method" name="set" crap="2" count="0"/>
        <line num="57" type="stmt" count="0"/>
        <line num="58" type="stmt" count="0"/>
        <line num="65" type="method" name="create" crap="6" count="0"/>
        <line num="67" type="stmt" count="0"/>
        <line num="68" type="stmt" count="0"/>
        <line num="69" type="stmt" count="0"/>
        <line num="71" type="stmt" count="0"/>
        <line num="74" type="stmt" count="0"/>
        <line num="79" type="stmt" count="0"/>
        <metrics loc="78" ncloc="52" classes="1" methods="5" coveredmethods="0" conditionals="0" coveredconditionals="0" statements="20" coveredstatements="0" elements="25" coveredelements="0"/>
      </file>
      <file name="/home/travis/build/eloquent/schemer/src/Eloquent/Schemer/Constraint/Factory/MetaSchemaFactory.php">
        <class name="MetaSchemaFactory" namespace="Eloquent\Schemer\Constraint\Factory">
          <metrics methods="1" coveredmethods="1" conditionals="0" coveredconditionals="0" statements="243" coveredstatements="243" elements="244" coveredelements="244"/>
        </class>
        <line num="27" type="method" name="create" crap="1" count="1"/>
        <line num="29" type="stmt" count="1"/>
        <line num="30" type="stmt" count="1"/>
        <line num="31" type="stmt" count="1"/>
        <line num="32" type="stmt" count="1"/>
        <line num="34" type="stmt" count="1"/>
        <line num="38" type="stmt" count="1"/>
        <line num="40" type="stmt" count="1"/>
        <line num="41" type="stmt" count="1"/>
        <line num="42" type="stmt" count="1"/>
        <line num="43" type="stmt" count="1"/>
        <line num="44" type="stmt" count="1"/>
        <line num="46" type="stmt" count="1"/>
        <line num="48" type="stmt" count="1"/>
        <line num="50" type="stmt" count="1"/>
        <line num="51" type="stmt" count="1"/>
        <line num="52" type="stmt" count="1"/>
        <line num="53" type="stmt" count="1"/>
        <line num="55" type="stmt" count="1"/>
        <line num="57" type="stmt" count="1"/>
        <line num="59" type="stmt" count="1"/>
        <line num="60" type="stmt" count="1"/>
        <line num="61" type="stmt" count="1"/>
        <line num="62" type="stmt" count="1"/>
        <line num="63" type="stmt" count="1"/>
        <line num="64" type="stmt" count="1"/>
        <line num="65" type="stmt" count="1"/>
        <line num="67" type="stmt" count="1"/>
        <line num="69" type="stmt" count="1"/>
        <line num="70" type="stmt" count="1"/>
        <line num="72" type="stmt" count="1"/>
        <line num="73" type="stmt" count="1"/>
        <line num="74" type="stmt" count="1"/>
        <line num="75" type="stmt" count="1"/>
        <line num="76" type="stmt" count="1"/>
        <line num="77" type="stmt" count="1"/>
        <line num="78" type="stmt" count="1"/>
        <line num="79" type="stmt" count="1"/>
        <line num="81" type="stmt" count="1"/>
        <line num="82" type="stmt" count="1"/>
        <line num="84" type="stmt" count="1"/>
        <line num="86" type="stmt" count="1"/>
        <line num="88" type="stmt" count="1"/>
        <line num="89" type="stmt" count="1"/>
        <line num="90" type="stmt" count="1"/>
        <line num="91" type="stmt" count="1"/>
        <line num="92" type="stmt" count="1"/>
        <line num="93" type="stmt" count="1"/>
        <line num="95" type="stmt" count="1"/>
        <line num="96" type="stmt" count="1"/>
        <line num="97" type="stmt" count="1"/>
        <line num="99" type="stmt" count="1"/>
        <line num="100" type="stmt" count="1"/>
        <line num="102" type="stmt" count="1"/>
        <line num="104" type="stmt" count="1"/>
        <line num="106" type="stmt" count="1"/>
        <line num="108" type="stmt" count="1"/>
        <line num="110" type="stmt" count="1"/>
        <line num="111" type="stmt" count="1"/>
        <line num="112" type="stmt" count="1"/>
        <line num="114" type="stmt" count="1"/>
        <line num="115" type="stmt" count="1"/>
        <line num="117" type="stmt" count="1"/>
        <line num="118" type="stmt" count="1"/>
        <line num="120" type="stmt" count="1"/>
        <line num="122" type="stmt" count="1"/>
        <line num="124" type="stmt" count="1"/>
        <line num="125" type="stmt" count="1"/>
        <line num="126" type="stmt" count="1"/>
        <line num="127" type="stmt" count="1"/>
        <line num="128" type="stmt" count="1"/>
        <line num="129" type="stmt" count="1"/>
        <line num="131" type="stmt" count="1"/>
        <line num="132" type="stmt" count="1"/>
        <line num="134" type="stmt" count="1"/>
        <line num="136" type="stmt" count="1"/>
        <line num="138" type="stmt" count="1"/>
        <line num="140" type="stmt" count="1"/>
        <line num="142" type="stmt" count="1"/>
        <line num="143" type="stmt" count="1"/>
        <line num="144" type="stmt" count="1"/>
        <line num="146" type="stmt" count="1"/>
        <line num="147" type="stmt" count="1"/>
        <line num="149" type="stmt" count="1"/>
        <line num="150" type="stmt" count="1"/>
        <line num="151" type="stmt" count="1"/>
        <line num="152" type="stmt" count="1"/>
        <line num="154" type="stmt" count="1"/>
        <line num="156" type="stmt" count="1"/>
        <line num="158" type="stmt" count="1"/>
        <line num="162" type="stmt" count="1"/>
        <line num="163" type="stmt" count="1"/>
        <line num="164" type="stmt" count="1"/>
        <line num="166" type="stmt" count="1"/>
        <line num="168" type="stmt" count="1"/>
        <line num="170" type="stmt" count="1"/>
        <line num="171" type="stmt" count="1"/>
        <line num="172" type="stmt" count="1"/>
        <line num="173" type="stmt" count="1"/>
        <line num="175" type="stmt" count="1"/>
        <line num="177" type="stmt" count="1"/>
        <line num="179" type="stmt" count="1"/>
        <line num="180" type="stmt" count="1"/>
        <line num="181" type="stmt" count="1"/>
        <line num="182" type="stmt" count="1"/>
        <line num="184" type="stmt" count="1"/>
        <line num="186" type="stmt" count="1"/>
        <line num="188" type="stmt" count="1"/>
        <line num="189" type="stmt" count="1"/>
        <line num="190" type="stmt" count="1"/>
        <line num="192" type="stmt" count="1"/>
        <line num="194" type="stmt" count="1"/>
        <line num="196" type="stmt" count="1"/>
        <line num="197" type="stmt" count="1"/>
        <line num="198" type="stmt" count="1"/>
        <line num="200" type="stmt" count="1"/>
        <line num="202" type="stmt" count="1"/>
        <line num="204" type="stmt" count="1"/>
        <line num="206" type="stmt" count="1"/>
        <line num="207" type="stmt" count="1"/>
        <line num="208" type="stmt" count="1"/>
        <line num="209" type="stmt" count="1"/>
        <line num="211" type="stmt" count="1"/>
        <line num="213" type="stmt" count="1"/>
        <line num="215" type="stmt" count="1"/>
        <line num="216" type="stmt" count="1"/>
        <line num="217" type="stmt" count="1"/>
        <line num="219" type="stmt" count="1"/>
        <line num="221" type="stmt" count="1"/>
        <line num="223" type="stmt" count="1"/>
        <line num="224" type="stmt" count="1"/>
        <line num="225" type="stmt" count="1"/>
        <line num="226" type="stmt" count="1"/>
        <line num="227" type="stmt" count="1"/>
        <line num="228" type="stmt" count="1"/>
        <line num="230" type="stmt" count="1"/>
        <line num="232" type="stmt" count="1"/>
        <line num="233" type="stmt" count="1"/>
        <line num="234" type="stmt" count="1"/>
        <line num="236" type="stmt" count="1"/>
        <line num="238" type="stmt" count="1"/>
        <line num="240" type="stmt" count="1"/>
        <line num="241" type="stmt" count="1"/>
        <line num="242" type="stmt" count="1"/>
        <line num="243" type="stmt" count="1"/>
        <line num="244" type="stmt" count="1"/>
        <line num="245" type="stmt" count="1"/>
        <line num="247" type="stmt" count="1"/>
        <line num="248" type="stmt" count="1"/>
        <line num="250" type="stmt" count="1"/>
        <line num="252" type="stmt" count="1"/>
        <line num="253" type="stmt" count="1"/>
        <line num="254" type="stmt" count="1"/>
        <line num="256" type="stmt" count="1"/>
        <line num="258" type="stmt" count="1"/>
        <line num="260" type="stmt" count="1"/>
        <line num="262" type="stmt" count="1"/>
        <line num="263" type="stmt" count="1"/>
        <line num="264" type="stmt" count="1"/>
        <line num="265" type="stmt" count="1"/>
        <line num="267" type="stmt" count="1"/>
        <line num="269" type="stmt" count="1"/>
        <line num="270" type="stmt" count="1"/>
        <line num="272" type="stmt" count="1"/>
        <line num="274" type="stmt" count="1"/>
        <line num="275" type="stmt" count="1"/>
        <line num="276" type="stmt" count="1"/>
        <line num="277" type="stmt" count="1"/>
        <line num="278" type="stmt" count="1"/>
        <line num="279" type="stmt" count="1"/>
        <line num="281" type="stmt" count="1"/>
        <line num="282" type="stmt" count="1"/>
        <line num="283" type="stmt" count="1"/>
        <line num="284" type="stmt" count="1"/>
        <line num="285" type="stmt" count="1"/>
        <line num="286" type="stmt" count="1"/>
        <line num="287" type="stmt" count="1"/>
        <line num="289" type="stmt" count="1"/>
        <line num="291" type="stmt" count="1"/>
        <line num="292" type="stmt" count="1"/>
        <line num="293" type="stmt" count="1"/>
        <line num="294" type="stmt" count="1"/>
        <line num="295" type="stmt" count="1"/>
        <line num="296" type="stmt" count="1"/>
        <line num="297" type="stmt" count="1"/>
        <line num="299" type="stmt" count="1"/>
        <line num="301" type="stmt" count="1"/>
        <line num="302" type="stmt" count="1"/>
        <line num="304" type="stmt" count="1"/>
        <line num="306" type="stmt" count="1"/>
        <line num="307" type="stmt" count="1"/>
        <line num="309" type="stmt" count="1"/>
        <line num="311" type="stmt" count="1"/>
        <line num="313" type="stmt" count="1"/>
        <line num="314" type="stmt" count="1"/>
        <line num="315" type="stmt" count="1"/>
        <line num="316" type="stmt" count="1"/>
        <line num="317" type="stmt" count="1"/>
        <line num="319" type="stmt" count="1"/>
        <line num="321" type="stmt" count="1"/>
        <line num="323" type="stmt" count="1"/>
        <line num="325" type="stmt" count="1"/>
        <line num="326" type="stmt" count="1"/>
        <line num="328" type="stmt" count="1"/>
        <line num="329" type="stmt" count="1"/>
        <line num="330" type="stmt" count="1"/>
        <line num="331" type="stmt" count="1"/>
        <line num="332" type="stmt" count="1"/>
        <line num="334" type="stmt" count="1"/>
        <line num="335" type="stmt" count="1"/>
        <line num="336" type="stmt" count="1"/>
        <line num="338" type="stmt" count="1"/>
        <line num="340" type="stmt" count="1"/>
        <line num="342" type="stmt" count="1"/>
        <line num="344" type="stmt" count="1"/>
        <line num="345" type="stmt" count="1"/>
        <line num="346" type="stmt" count="1"/>
        <line num="347" type="stmt" count="1"/>
        <line num="348" type="stmt" count="1"/>
        <line num="349" type="stmt" count="1"/>
        <line num="350" type="stmt" count="1"/>
        <line num="351" type="stmt" count="1"/>
        <line num="353" type="stmt" count="1"/>
        <line num="355" type="stmt" count="1"/>
        <line num="356" type="stmt" count="1"/>
        <line num="357" type="stmt" count="1"/>
        <line num="359" type="stmt" count="1"/>
        <line num="360" type="stmt" count="1"/>
        <line num="361" type="stmt" count="1"/>
        <line num="362" type="stmt" count="1"/>
        <line num="364" type="stmt" count="1"/>
        <line num="365" type="stmt" count="1"/>
        <line num="366" type="stmt" count="1"/>
        <line num="368" type="stmt" count="1"/>
        <line num="369" type="stmt" count="1"/>
        <line num="370" type="stmt" count="1"/>
        <line num="371" type="stmt" count="1"/>
        <line num="375" type="stmt" count="1"/>
        <line num="377" type="stmt" count="1"/>
        <line num="378" type="stmt" count="1"/>
        <line num="379" type="stmt" count="1"/>
        <line num="380" type="stmt" count="1"/>
        <line num="382" type="stmt" count="1"/>
        <line num="384" type="stmt" count="1"/>
        <line num="387" type="stmt" count="0"/>
        <metrics loc="386" ncloc="369" classes="1" methods="1" coveredmethods="1" conditionals="0" coveredconditionals="0" statements="243" coveredstatements="243" elements="244" coveredelements="244"/>
      </file>
      <file name="/home/travis/build/eloquent/schemer/src/Eloquent/Schemer/Constraint/Factory/SchemaFactory.php">
        <class name="SchemaFactory" namespace="Eloquent\Schemer\Constraint\Factory">
          <metrics methods="35" coveredmethods="14" conditionals="0" coveredconditionals="0" statements="259" coveredstatements="105" elements="294" coveredelements="119"/>
        </class>
        <line num="34" type="method" name="__construct" crap="4.13" count="1"/>
        <line num="39" type="stmt" count="1"/>
        <line num="40" type="stmt" count="1"/>
        <line num="41" type="stmt" count="1"/>
        <line num="42" type="stmt" count="1"/>
        <line num="43" type="stmt" count="0"/>
        <line num="44" type="stmt" count="0"/>
        <line num="46" type="stmt" count="1"/>
        <line num="47" type="stmt" count="1"/>
        <line num="48" type="stmt" count="1"/>
        <line num="49" type="stmt" count="1"/>
        <line num="54" type="method" name="formatConstraintFactory" crap="2" count="0"/>
        <line num="56" type="stmt" count="0"/>
        <line num="62" type="method" name="metaSchema" crap="1" count="1"/>
        <line num="64" type="stmt" count="1"/>
        <line num="70" type="method" name="constraintValidator" crap="2" count="0"/>
        <line num="72" type="stmt" count="0"/>
        <line num="80" type="method" name="create" crap="4.46" count="1"/>
        <line num="82" type="stmt" count="1"/>
        <line num="83" type="stmt" count="0"/>
        <line num="84" type="stmt" count="0"/>
        <line num="86" type="stmt" count="0"/>
        <line num="87" type="stmt" count="0"/>
        <line num="88" type="stmt" count="0"/>
        <line num="90" type="stmt" count="0"/>
        <line num="92" type="stmt" count="1"/>
        <line num="93" type="stmt" count="1"/>
        <line num="94" type="stmt" count="1"/>
        <line num="96" type="stmt" count="1"/>
        <line num="104" type="method" name="createSchema" crap="4.01" count="1"/>
        <line num="106" type="stmt" count="1"/>
        <line num="107" type="stmt" count="1"/>
        <line num="108" type="stmt" count="1"/>
        <line num="111" type="stmt" count="1"/>
        <line num="112" type="stmt" count="0"/>
        <line num="113" type="stmt" count="0"/>
        <line num="114" type="stmt" count="1"/>
        <line num="117" type="stmt" count="1"/>
        <line num="118" type="stmt" count="1"/>
        <line num="119" type="stmt" count="1"/>
        <line num="120" type="stmt" count="1"/>
        <line num="121" type="stmt" count="1"/>
        <line num="122" type="stmt" count="1"/>
        <line num="123" type="stmt" count="1"/>
        <line num="125" type="stmt" count="1"/>
        <line num="126" type="stmt" count="1"/>
        <line num="127" type="stmt" count="1"/>
        <line num="128" type="stmt" count="1"/>
        <line num="129" type="stmt" count="1"/>
        <line num="130" type="stmt" count="1"/>
        <line num="131" type="stmt" count="1"/>
        <line num="132" type="stmt" count="1"/>
        <line num="133" type="stmt" count="1"/>
        <line num="134" type="stmt" count="1"/>
        <line num="135" type="stmt" count="1"/>
        <line num="136" type="stmt" count="1"/>
        <line num="138" type="stmt" count="1"/>
        <line num="147" type="method" name="createConstraints" crap="82.50" count="1"/>
        <line num="153" type="stmt" count="1"/>
        <line num="154" type="stmt" count="0"/>
        <line num="155" type="stmt" count="1"/>
        <line num="156" type="stmt" count="1"/>
        <line num="157" type="stmt" count="1"/>
        <line num="158" type="stmt" count="0"/>
        <line num="159" type="stmt" count="1"/>
        <line num="160" type="stmt" count="0"/>
        <line num="161" type="stmt" count="1"/>
        <line num="162" type="stmt" count="0"/>
        <line num="163" type="stmt" count="1"/>
        <line num="164" type="stmt" count="0"/>
        <line num="167" type="stmt" count="1"/>
        <line num="168" type="stmt" count="0"/>
        <line num="169" type="stmt" count="1"/>
        <line num="170" type="stmt" count="0"/>
        <line num="171" type="stmt" count="1"/>
        <line num="172" type="stmt" count="0"/>
        <line num="173" type="stmt" count="1"/>
        <line num="174" type="stmt" count="0"/>
        <line num="177" type="stmt" count="1"/>
        <line num="178" type="stmt" count="0"/>
        <line num="179" type="stmt" count="1"/>
        <line num="180" type="stmt" count="0"/>
        <line num="181" type="stmt" count="1"/>
        <line num="182" type="stmt" count="0"/>
        <line num="185" type="stmt" count="1"/>
        <line num="186" type="stmt" count="0"/>
        <line num="187" type="stmt" count="1"/>
        <line num="188" type="stmt" count="0"/>
        <line num="189" type="stmt" count="1"/>
        <line num="190" type="stmt" count="0"/>
        <line num="193" type="stmt" count="1"/>
        <line num="194" type="stmt" count="0"/>
        <line num="197" type="stmt" count="1"/>
        <line num="198" type="stmt" count="0"/>
        <line num="199" type="stmt" count="1"/>
        <line num="200" type="stmt" count="0"/>
        <line num="203" type="stmt" count="1"/>
        <line num="204" type="stmt" count="0"/>
        <line num="205" type="stmt" count="0"/>
        <line num="206" type="stmt" count="0"/>
        <line num="209" type="stmt" count="0"/>
        <line num="212" type="stmt" count="1"/>
        <line num="220" type="method" name="createCompositeConstraints" crap="6.97" count="1"/>
        <line num="222" type="stmt" count="1"/>
        <line num="224" type="stmt" count="1"/>
        <line num="225" type="stmt" count="1"/>
        <line num="226" type="stmt" count="1"/>
        <line num="227" type="stmt" count="1"/>
        <line num="228" type="stmt" count="0"/>
        <line num="229" type="stmt" count="0"/>
        <line num="230" type="stmt" count="1"/>
        <line num="231" type="stmt" count="0"/>
        <line num="232" type="stmt" count="0"/>
        <line num="233" type="stmt" count="1"/>
        <line num="234" type="stmt" count="0"/>
        <line num="235" type="stmt" count="0"/>
        <line num="237" type="stmt" count="1"/>
        <line num="247" type="method" name="createEnumConstraint" crap="2" count="0"/>
        <line num="249" type="stmt" count="0"/>
        <line num="257" type="method" name="createTypeConstraint" crap="4.54" count="1"/>
        <line num="259" type="stmt" count="1"/>
        <line num="260" type="stmt" count="0"/>
        <line num="261" type="stmt" count="0"/>
        <line num="262" type="stmt" count="0"/>
        <line num="263" type="stmt" count="0"/>
        <line num="265" type="stmt" count="0"/>
        <line num="268" type="stmt" count="1"/>
        <line num="269" type="stmt" count="1"/>
        <line num="270" type="stmt" count="1"/>
        <line num="278" type="method" name="createAllOfConstraint" crap="6" count="0"/>
        <line num="280" type="stmt" count="0"/>
        <line num="281" type="stmt" count="0"/>
        <line num="282" type="stmt" count="0"/>
        <line num="283" type="stmt" count="0"/>
        <line num="285" type="stmt" count="0"/>
        <line num="293" type="method" name="createAnyOfConstraint" crap="6" count="0"/>
        <line num="295" type="stmt" count="0"/>
        <line num="296" type="stmt" count="0"/>
        <line num="297" type="stmt" count="0"/>
        <line num="298" type="stmt" count="0"/>
        <line num="300" type="stmt" count="0"/>
        <line num="308" type="method" name="createOneOfConstraint" crap="6" count="0"/>
        <line num="310" type="stmt" count="0"/>
        <line num="311" type="stmt" count="0"/>
        <line num="312" type="stmt" count="0"/>
        <line num="313" type="stmt" count="0"/>
        <line num="315" type="stmt" count="0"/>
        <line num="323" type="method" name="createNotConstraint" crap="2" count="0"/>
        <line num="325" type="stmt" count="0"/>
        <line num="335" type="method" name="createMaximumPropertiesConstraint" crap="2" count="0"/>
        <line num="337" type="stmt" count="0"/>
        <line num="345" type="method" name="createMinimumPropertiesConstraint" crap="2" count="0"/>
        <line num="347" type="stmt" count="0"/>
        <line num="355" type="method" name="createRequiredConstraints" crap="6" count="0"/>
        <line num="357" type="stmt" count="0"/>
        <line num="358" type="stmt" count="0"/>
        <line num="359" type="stmt" count="0"/>
        <line num="360" type="stmt" count="0"/>
        <line num="362" type="stmt" count="0"/>
        <line num="370" type="method" name="createRequiredConstraint" crap="2" count="0"/>
        <line num="372" type="stmt" count="0"/>
        <line num="380" type="method" name="createPropertiesConstraint" crap="27.54" count="1"/>
        <line num="383" type="stmt" count="1"/>
        <line num="384" type="stmt" count="1"/>
        <line num="385" type="stmt" count="1"/>
        <line num="386" type="stmt" count="1"/>
        <line num="387" type="stmt" count="0"/>
        <line num="390" type="stmt" count="1"/>
        <line num="391" type="stmt" count="1"/>
        <line num="392" type="stmt" count="0"/>
        <line num="393" type="stmt" count="0"/>
        <line num="394" type="stmt" count="0"/>
        <line num="395" type="stmt" count="0"/>
        <line num="397" type="stmt" count="1"/>
        <line num="398" type="stmt" count="1"/>
        <line num="399" type="stmt" count="0"/>
        <line num="400" type="stmt" count="0"/>
        <line num="401" type="stmt" count="0"/>
        <line num="402" type="stmt" count="0"/>
        <line num="404" type="stmt" count="1"/>
        <line num="405" type="stmt" count="1"/>
        <line num="406" type="stmt" count="0"/>
        <line num="407" type="stmt" count="0"/>
        <line num="408" type="stmt" count="0"/>
        <line num="409" type="stmt" count="0"/>
        <line num="410" type="stmt" count="0"/>
        <line num="411" type="stmt" count="0"/>
        <line num="413" type="stmt" count="0"/>
        <line num="414" type="stmt" count="1"/>
        <line num="416" type="stmt" count="1"/>
        <line num="417" type="stmt" count="0"/>
        <line num="420" type="stmt" count="1"/>
        <line num="421" type="stmt" count="1"/>
        <line num="422" type="stmt" count="1"/>
        <line num="424" type="stmt" count="1"/>
        <line num="432" type="method" name="createDependencyConstraints" crap="20" count="0"/>
        <line num="434" type="stmt" count="0"/>
        <line num="435" type="stmt" count="0"/>
        <line num="436" type="stmt" count="0"/>
        <line num="437" type="stmt" count="0"/>
        <line num="438" type="stmt" count="0"/>
        <line num="439" type="stmt" count="0"/>
        <line num="440" type="stmt" count="0"/>
        <line num="442" type="stmt" count="0"/>
        <line num="443" type="stmt" count="0"/>
        <line num="444" type="stmt" count="0"/>
        <line num="445" type="stmt" count="0"/>
        <line num="446" type="stmt" count="0"/>
        <line num="447" type="stmt" count="0"/>
        <line num="448" type="stmt" count="0"/>
        <line num="449" type="stmt" count="0"/>
        <line num="450" type="stmt" count="0"/>
        <line num="452" type="stmt" count="0"/>
        <line num="454" type="stmt" count="0"/>
        <line num="464" type="method" name="createItemsConstraint" crap="87.20" count="1"/>
        <line num="467" type="stmt" count="1"/>
        <line num="468" type="stmt" count="1"/>
        <line num="469" type="stmt" count="1"/>
        <line num="470" type="stmt" count="1"/>
        <line num="473" type="stmt" count="0"/>
        <line num="474" type="stmt" count="0"/>
        <line num="475" type="stmt" count="0"/>
        <line num="476" type="stmt" count="0"/>
        <line num="477" type="stmt" count="0"/>
        <line num="478" type="stmt" count="0"/>
        <line num="479" type="stmt" count="0"/>
        <line num="480" type="stmt" count="0"/>
        <line num="481" type="stmt" count="0"/>
        <line num="483" type="stmt" count="0"/>
        <line num="485" type="stmt" count="0"/>
        <line num="486" type="stmt" count="0"/>
        <line num="487" type="stmt" count="0"/>
        <line num="488" type="stmt" count="0"/>
        <line num="489" type="stmt" count="0"/>
        <line num="490" type="stmt" count="0"/>
        <line num="491" type="stmt" count="0"/>
        <line num="492" type="stmt" count="0"/>
        <line num="493" type="stmt" count="0"/>
        <line num="495" type="stmt" count="0"/>
        <line num="497" type="stmt" count="0"/>
        <line num="498" type="stmt" count="0"/>
        <line num="499" type="stmt" count="0"/>
        <line num="501" type="stmt" count="0"/>
        <line num="509" type="method" name="createMaximumItemsConstraint" crap="2" count="0"/>
        <line num="511" type="stmt" count="0"/>
        <line num="519" type="method" name="createMinimumItemsConstraint" crap="2" count="0"/>
        <line num="521" type="stmt" count="0"/>
        <line num="529" type="method" name="createUniqueItemsConstraint" crap="2" count="0"/>
        <line num="531" type="stmt" count="0"/>
        <line num="541" type="method" name="createMaximumLengthConstraint" crap="2" count="0"/>
        <line num="543" type="stmt" count="0"/>
        <line num="551" type="method" name="createMinimumLengthConstraint" crap="2" count="0"/>
        <line num="553" type="stmt" count="0"/>
        <line num="561" type="method" name="createPatternConstraint" crap="2" count="0"/>
        <line num="563" type="stmt" count="0"/>
        <line num="573" type="method" name="createMultipleOfConstraint" crap="2" count="0"/>
        <line num="575" type="stmt" count="0"/>
        <line num="583" type="method" name="createMaximumConstraint" crap="3.19" count="1"/>
        <line num="585" type="stmt" count="1"/>
        <line num="586" type="stmt" count="1"/>
        <line num="589" type="stmt" count="0"/>
        <line num="590" type="stmt" count="0"/>
        <line num="591" type="stmt" count="0"/>
        <line num="592" type="stmt" count="0"/>
        <line num="600" type="method" name="createMinimumConstraint" crap="3.19" count="1"/>
        <line num="602" type="stmt" count="1"/>
        <line num="603" type="stmt" count="1"/>
        <line num="606" type="stmt" count="0"/>
        <line num="607" type="stmt" count="0"/>
        <line num="608" type="stmt" count="0"/>
        <line num="609" type="stmt" count="0"/>
        <line num="619" type="method" name="createMaximumDateTimeConstraint" crap="6" count="0"/>
        <line num="621" type="stmt" count="0"/>
        <line num="622" type="stmt" count="0"/>
        <line num="625" type="stmt" count="0"/>
        <line num="626" type="stmt" count="0"/>
        <line num="627" type="stmt" count="0"/>
        <line num="635" type="method" name="createMinimumDateTimeConstraint" crap="6" count="0"/>
        <line num="637" type="stmt" count="0"/>
        <line num="638" type="stmt" count="0"/>
        <line num="641" type="stmt" count="0"/>
        <line num="642" type="stmt" count="0"/>
        <line num="643" type="stmt" count="0"/>
        <line num="648" type="method" name="clear" crap="1" count="1"/>
        <line num="650" type="stmt" count="1"/>
        <line num="651" type="stmt" count="1"/>
        <line num="657" type="method" name="registerSchema" crap="1" count="1"/>
        <line num="661" type="stmt" count="1"/>
        <line num="662" type="stmt" count="1"/>
        <line num="669" type="method" name="registeredSchema" crap="2" count="1"/>
        <line num="671" type="stmt" count="1"/>
        <line num="672" type="stmt" count="1"/>
        <line num="673" type="stmt" count="1"/>
        <line num="676" type="stmt" count="1"/>
        <line num="684" type="stmt" count="0"/>
        <metrics loc="683" ncloc="483" classes="1" methods="35" coveredmethods="4" conditionals="0" coveredconditionals="0" statements="259" coveredstatements="105" elements="294" coveredelements="109"/>
      </file>
    </package>
    <file name="/home/travis/build/eloquent/schemer/src/Eloquent/Schemer/Constraint/Factory/FormatConstraintFactoryInterface.php">
      <line num="23" type="stmt" count="0"/>
      <metrics loc="22" ncloc="9" classes="0" methods="0" coveredmethods="0" conditionals="0" coveredconditionals="0" statements="0" coveredstatements="0" elements="0" coveredelements="0"/>
    </file>
    <file name="/home/travis/build/eloquent/schemer/src/Eloquent/Schemer/Constraint/Factory/SchemaFactoryInterface.php">
      <line num="25" type="stmt" count="0"/>
      <metrics loc="24" ncloc="11" classes="0" methods="0" coveredmethods="0" conditionals="0" coveredconditionals="0" statements="0" coveredstatements="0" elements="0" coveredelements="0"/>
    </file>
    <file name="/home/travis/build/eloquent/schemer/src/Eloquent/Schemer/Constraint/FormatConstraintInterface.php">
      <line num="17" type="stmt" count="0"/>
      <metrics loc="16" ncloc="8" classes="0" methods="0" coveredmethods="0" conditionals="0" coveredconditionals="0" statements="0" coveredstatements="0" elements="0" coveredelements="0"/>
    </file>
    <package name="Eloquent\Schemer\Constraint\Generic">
      <file name="/home/travis/build/eloquent/schemer/src/Eloquent/Schemer/Constraint/Generic/AbstractSchemaSetConstraint.php">
        <class name="AbstractSchemaSetConstraint" namespace="Eloquent\Schemer\Constraint\Generic">
          <metrics methods="2" coveredmethods="0" conditionals="0" coveredconditionals="0" statements="3" coveredstatements="0" elements="5" coveredelements="0"/>
        </class>
        <line num="21" type="method" name="__construct" crap="2" count="0"/>
        <line num="23" type="stmt" count="0"/>
        <line num="24" type="stmt" count="0"/>
        <line num="29" type="method" name="schemas" crap="2" count="0"/>
        <line num="31" type="stmt" count="0"/>
        <line num="36" type="stmt" count="0"/>
        <metrics loc="35" ncloc="21" classes="1" methods="2" coveredmethods="0" conditionals="0" coveredconditionals="0" statements="3" coveredstatements="0" elements="5" coveredelements="0"/>
      </file>
      <file name="/home/travis/build/eloquent/schemer/src/Eloquent/Schemer/Constraint/Generic/AllOfConstraint.php">
        <class name="AllOfConstraint" namespace="Eloquent\Schemer\Constraint\Generic">
          <metrics methods="1" coveredmethods="0" conditionals="0" coveredconditionals="0" statements="1" coveredstatements="0" elements="2" coveredelements="0"/>
        </class>
        <line num="23" type="method" name="accept" crap="2" count="0"/>
        <line num="25" type="stmt" count="0"/>
        <line num="28" type="stmt" count="0"/>
        <metrics loc="27" ncloc="14" classes="1" methods="1" coveredmethods="0" conditionals="0" coveredconditionals="0" statements="1" coveredstatements="0" elements="2" coveredelements="0"/>
      </file>
      <file name="/home/travis/build/eloquent/schemer/src/Eloquent/Schemer/Constraint/Generic/AnyOfConstraint.php">
        <class name="AnyOfConstraint" namespace="Eloquent\Schemer\Constraint\Generic">
          <metrics methods="1" coveredmethods="0" conditionals="0" coveredconditionals="0" statements="1" coveredstatements="0" elements="2" coveredelements="0"/>
        </class>
        <line num="23" type="method" name="accept" crap="2" count="0"/>
        <line num="25" type="stmt" count="0"/>
        <line num="28" type="stmt" count="0"/>
        <metrics loc="27" ncloc="14" classes="1" methods="1" coveredmethods="0" conditionals="0" coveredconditionals="0" statements="1" coveredstatements="0" elements="2" coveredelements="0"/>
      </file>
      <file name="/home/travis/build/eloquent/schemer/src/Eloquent/Schemer/Constraint/Generic/EnumConstraint.php">
        <class name="EnumConstraint" namespace="Eloquent\Schemer\Constraint\Generic">
          <metrics methods="3" coveredmethods="0" conditionals="0" coveredconditionals="0" statements="4" coveredstatements="0" elements="7" coveredelements="0"/>
        </class>
        <line num="23" type="method" name="__construct" crap="2" count="0"/>
        <line num="25" type="stmt" count="0"/>
        <line num="26" type="stmt" count="0"/>
        <line num="31" type="method" name="values" crap="2" count="0"/>
        <line num="33" type="stmt" count="0"/>
        <line num="41" type="method" name="accept" crap="2" count="0"/>
        <line num="43" type="stmt" count="0"/>
        <line num="48" type="stmt" count="0"/>
        <metrics loc="47" ncloc="28" classes="1" methods="3" coveredmethods="0" conditionals="0" coveredconditionals="0" statements="4" coveredstatements="0" elements="7" coveredelements="0"/>
      </file>
      <file name="/home/travis/build/eloquent/schemer/src/Eloquent/Schemer/Constraint/Generic/NotConstraint.php">
        <class name="NotConstraint" namespace="Eloquent\Schemer\Constraint\Generic">
          <metrics methods="3" coveredmethods="0" conditionals="0" coveredconditionals="0" statements="4" coveredstatements="0" elements="7" coveredelements="0"/>
        </class>
        <line num="23" type="method" name="__construct" crap="2" count="0"/>
        <line num="25" type="stmt" count="0"/>
        <line num="26" type="stmt" count="0"/>
        <line num="31" type="method" name="schema" crap="2" count="0"/>
        <line num="33" type="stmt" count="0"/>
        <line num="41" type="method" name="accept" crap="2" count="0"/>
        <line num="43" type="stmt" count="0"/>
        <line num="48" type="stmt" count="0"/>
        <metrics loc="47" ncloc="28" classes="1" methods="3" coveredmethods="0" conditionals="0" coveredconditionals="0" statements="4" coveredstatements="0" elements="7" coveredelements="0"/>
      </file>
      <file name="/home/travis/build/eloquent/schemer/src/Eloquent/Schemer/Constraint/Generic/OneOfConstraint.php">
        <class name="OneOfConstraint" namespace="Eloquent\Schemer\Constraint\Generic">
          <metrics methods="1" coveredmethods="0" conditionals="0" coveredconditionals="0" statements="1" coveredstatements="0" elements="2" coveredelements="0"/>
        </class>
        <line num="23" type="method" name="accept" crap="2" count="0"/>
        <line num="25" type="stmt" count="0"/>
        <line num="28" type="stmt" count="0"/>
        <metrics loc="27" ncloc="14" classes="1" methods="1" coveredmethods="0" conditionals="0" coveredconditionals="0" statements="1" coveredstatements="0" elements="2" coveredelements="0"/>
      </file>
      <file name="/home/travis/build/eloquent/schemer/src/Eloquent/Schemer/Constraint/Generic/TypeConstraint.php">
        <class name="TypeConstraint" namespace="Eloquent\Schemer\Constraint\Generic">
          <metrics methods="3" coveredmethods="0" conditionals="0" coveredconditionals="0" statements="4" coveredstatements="0" elements="7" coveredelements="0"/>
        </class>
        <line num="23" type="method" name="__construct" crap="2" count="0"/>
        <line num="25" type="stmt" count="0"/>
        <line num="26" type="stmt" count="0"/>
        <line num="31" type="method" name="valueTypes" crap="2" count="0"/>
        <line num="33" type="stmt" count="0"/>
        <line num="41" type="method" name="accept" crap="2" count="0"/>
        <line num="43" type="stmt" count="0"/>
        <line num="48" type="stmt" count="0"/>
        <metrics loc="47" ncloc="28" classes="1" methods="3" coveredmethods="0" conditionals="0" coveredconditionals="0" statements="4" coveredstatements="0" elements="7" coveredelements="0"/>
      </file>
    </package>
    <file name="/home/travis/build/eloquent/schemer/src/Eloquent/Schemer/Constraint/Generic/SchemaSetConstraintInterface.php">
      <line num="23" type="stmt" count="0"/>
      <metrics loc="22" ncloc="11" classes="0" methods="0" coveredmethods="0" conditionals="0" coveredconditionals="0" statements="0" coveredstatements="0" elements="0" coveredelements="0"/>
    </file>
    <package name="Eloquent\Schemer\Constraint\NumberValue">
      <file name="/home/travis/build/eloquent/schemer/src/Eloquent/Schemer/Constraint/NumberValue/MaximumConstraint.php">
        <class name="MaximumConstraint" namespace="Eloquent\Schemer\Constraint\NumberValue">
          <metrics methods="4" coveredmethods="0" conditionals="0" coveredconditionals="0" statements="9" coveredstatements="0" elements="13" coveredelements="0"/>
        </class>
        <line num="23" type="method" name="__construct" crap="6" count="0"/>
        <line num="25" type="stmt" count="0"/>
        <line num="26" type="stmt" count="0"/>
        <line num="27" type="stmt" count="0"/>
        <line num="29" type="stmt" count="0"/>
        <line num="30" type="stmt" count="0"/>
        <line num="31" type="stmt" count="0"/>
        <line num="36" type="method" name="maximum" crap="2" count="0"/>
        <line num="38" type="stmt" count="0"/>
        <line num="44" type="method" name="exclusive" crap="2" count="0"/>
        <line num="46" type="stmt" count="0"/>
        <line num="54" type="method" name="accept" crap="2" count="0"/>
        <line num="56" type="stmt" count="0"/>
        <line num="62" type="stmt" count="0"/>
        <metrics loc="61" ncloc="38" classes="1" methods="4" coveredmethods="0" conditionals="0" coveredconditionals="0" statements="9" coveredstatements="0" elements="13" coveredelements="0"/>
      </file>
      <file name="/home/travis/build/eloquent/schemer/src/Eloquent/Schemer/Constraint/NumberValue/MinimumConstraint.php">
        <class name="MinimumConstraint" namespace="Eloquent\Schemer\Constraint\NumberValue">
          <metrics methods="4" coveredmethods="0" conditionals="0" coveredconditionals="0" statements="9" coveredstatements="0" elements="13" coveredelements="0"/>
        </class>
        <line num="23" type="method" name="__construct" crap="6" count="0"/>
        <line num="25" type="stmt" count="0"/>
        <line num="26" type="stmt" count="0"/>
        <line num="27" type="stmt" count="0"/>
        <line num="29" type="stmt" count="0"/>
        <line num="30" type="stmt" count="0"/>
        <line num="31" type="stmt" count="0"/>
        <line num="36" type="method" name="minimum" crap="2" count="0"/>
        <line num="38" type="stmt" count="0"/>
        <line num="44" type="method" name="exclusive" crap="2" count="0"/>
        <line num="46" type="stmt" count="0"/>
        <line num="54" type="method" name="accept" crap="2" count="0"/>
        <line num="56" type="stmt" count="0"/>
        <line num="62" type="stmt" count="0"/>
        <metrics loc="61" ncloc="38" classes="1" methods="4" coveredmethods="0" conditionals="0" coveredconditionals="0" statements="9" coveredstatements="0" elements="13" coveredelements="0"/>
      </file>
      <file name="/home/travis/build/eloquent/schemer/src/Eloquent/Schemer/Constraint/NumberValue/MultipleOfConstraint.php">
        <class name="MultipleOfConstraint" namespace="Eloquent\Schemer\Constraint\NumberValue">
          <metrics methods="3" coveredmethods="0" conditionals="0" coveredconditionals="0" statements="4" coveredstatements="0" elements="7" coveredelements="0"/>
        </class>
        <line num="22" type="method" name="__construct" crap="2" count="0"/>
        <line num="24" type="stmt" count="0"/>
        <line num="25" type="stmt" count="0"/>
        <line num="30" type="method" name="quantity" crap="2" count="0"/>
        <line num="32" type="stmt" count="0"/>
        <line num="40" type="method" name="accept" crap="2" count="0"/>
        <line num="42" type="stmt" count="0"/>
        <line num="47" type="stmt" count="0"/>
        <metrics loc="46" ncloc="27" classes="1" methods="3" coveredmethods="0" conditionals="0" coveredconditionals="0" statements="4" coveredstatements="0" elements="7" coveredelements="0"/>
      </file>
    </package>
    <package name="Eloquent\Schemer\Constraint\ObjectValue">
      <file name="/home/travis/build/eloquent/schemer/src/Eloquent/Schemer/Constraint/ObjectValue/AdditionalPropertyConstraint.php">
        <class name="AdditionalPropertyConstraint" namespace="Eloquent\Schemer\Constraint\ObjectValue">
          <metrics methods="1" coveredmethods="0" conditionals="0" coveredconditionals="0" statements="1" coveredstatements="0" elements="2" coveredelements="0"/>
        </class>
        <line num="24" type="method" name="accept" crap="2" count="0"/>
        <line num="26" type="stmt" count="0"/>
        <line num="29" type="stmt" count="0"/>
        <metrics loc="28" ncloc="15" classes="1" methods="1" coveredmethods="0" conditionals="0" coveredconditionals="0" statements="1" coveredstatements="0" elements="2" coveredelements="0"/>
      </file>
      <file name="/home/travis/build/eloquent/schemer/src/Eloquent/Schemer/Constraint/ObjectValue/DependencyConstraint.php">
        <class name="DependencyConstraint" namespace="Eloquent\Schemer\Constraint\ObjectValue">
          <metrics methods="4" coveredmethods="0" conditionals="0" coveredconditionals="0" statements="6" coveredstatements="0" elements="10" coveredelements="0"/>
        </class>
        <line num="24" type="method" name="__construct" crap="2" count="0"/>
        <line num="26" type="stmt" count="0"/>
        <line num="27" type="stmt" count="0"/>
        <line num="28" type="stmt" count="0"/>
        <line num="33" type="method" name="property" crap="2" count="0"/>
        <line num="35" type="stmt" count="0"/>
        <line num="41" type="method" name="schema" crap="2" count="0"/>
        <line num="43" type="stmt" count="0"/>
        <line num="51" type="method" name="accept" crap="2" count="0"/>
        <line num="53" type="stmt" count="0"/>
        <line num="59" type="stmt" count="0"/>
        <metrics loc="58" ncloc="35" classes="1" methods="4" coveredmethods="0" conditionals="0" coveredconditionals="0" statements="6" coveredstatements="0" elements="10" coveredelements="0"/>
      </file>
      <file name="/home/travis/build/eloquent/schemer/src/Eloquent/Schemer/Constraint/ObjectValue/MaximumPropertiesConstraint.php">
        <class name="MaximumPropertiesConstraint" namespace="Eloquent\Schemer\Constraint\ObjectValue">
          <metrics methods="3" coveredmethods="0" conditionals="0" coveredconditionals="0" statements="4" coveredstatements="0" elements="7" coveredelements="0"/>
        </class>
        <line num="22" type="method" name="__construct" crap="2" count="0"/>
        <line num="24" type="stmt" count="0"/>
        <line num="25" type="stmt" count="0"/>
        <line num="30" type="method" name="maximum" crap="2" count="0"/>
        <line num="32" type="stmt" count="0"/>
        <line num="40" type="method" name="accept" crap="2" count="0"/>
        <line num="42" type="stmt" count="0"/>
        <line num="47" type="stmt" count="0"/>
        <metrics loc="46" ncloc="27" classes="1" methods="3" coveredmethods="0" conditionals="0" coveredconditionals="0" statements="4" coveredstatements="0" elements="7" coveredelements="0"/>
      </file>
      <file name="/home/travis/build/eloquent/schemer/src/Eloquent/Schemer/Constraint/ObjectValue/MinimumPropertiesConstraint.php">
        <class name="MinimumPropertiesConstraint" namespace="Eloquent\Schemer\Constraint\ObjectValue">
          <metrics methods="3" coveredmethods="0" conditionals="0" coveredconditionals="0" statements="4" coveredstatements="0" elements="7" coveredelements="0"/>
        </class>
        <line num="22" type="method" name="__construct" crap="2" count="0"/>
        <line num="24" type="stmt" count="0"/>
        <line num="25" type="stmt" count="0"/>
        <line num="30" type="method" name="minimum" crap="2" count="0"/>
        <line num="32" type="stmt" count="0"/>
        <line num="40" type="method" name="accept" crap="2" count="0"/>
        <line num="42" type="stmt" count="0"/>
        <line num="47" type="stmt" count="0"/>
        <metrics loc="46" ncloc="27" classes="1" methods="3" coveredmethods="0" conditionals="0" coveredconditionals="0" statements="4" coveredstatements="0" elements="7" coveredelements="0"/>
      </file>
      <file name="/home/travis/build/eloquent/schemer/src/Eloquent/Schemer/Constraint/ObjectValue/PropertiesConstraint.php">
        <class name="PropertiesConstraint" namespace="Eloquent\Schemer\Constraint\ObjectValue">
          <metrics methods="5" coveredmethods="0" conditionals="0" coveredconditionals="0" statements="8" coveredstatements="0" elements="13" coveredelements="0"/>
        </class>
        <line num="25" type="method" name="__construct" crap="2" count="0"/>
        <line num="30" type="stmt" count="0"/>
        <line num="31" type="stmt" count="0"/>
        <line num="32" type="stmt" count="0"/>
        <line num="33" type="stmt" count="0"/>
        <line num="38" type="method" name="schemas" crap="2" count="0"/>
        <line num="40" type="stmt" count="0"/>
        <line num="46" type="method" name="patternSchemas" crap="2" count="0"/>
        <line num="48" type="stmt" count="0"/>
        <line num="54" type="method" name="additionalSchema" crap="2" count="0"/>
        <line num="56" type="stmt" count="0"/>
        <line num="64" type="method" name="accept" crap="2" count="0"/>
        <line num="66" type="stmt" count="0"/>
        <line num="73" type="stmt" count="0"/>
        <metrics loc="72" ncloc="45" classes="1" methods="5" coveredmethods="0" conditionals="0" coveredconditionals="0" statements="8" coveredstatements="0" elements="13" coveredelements="0"/>
      </file>
      <file name="/home/travis/build/eloquent/schemer/src/Eloquent/Schemer/Constraint/ObjectValue/RequiredConstraint.php">
        <class name="RequiredConstraint" namespace="Eloquent\Schemer\Constraint\ObjectValue">
          <metrics methods="3" coveredmethods="0" conditionals="0" coveredconditionals="0" statements="4" coveredstatements="0" elements="7" coveredelements="0"/>
        </class>
        <line num="22" type="method" name="__construct" crap="2" count="0"/>
        <line num="24" type="stmt" count="0"/>
        <line num="25" type="stmt" count="0"/>
        <line num="30" type="method" name="property" crap="2" count="0"/>
        <line num="32" type="stmt" count="0"/>
        <line num="40" type="method" name="accept" crap="2" count="0"/>
        <line num="42" type="stmt" count="0"/>
        <line num="47" type="stmt" count="0"/>
        <metrics loc="46" ncloc="27" classes="1" methods="3" coveredmethods="0" conditionals="0" coveredconditionals="0" statements="4" coveredstatements="0" elements="7" coveredelements="0"/>
      </file>
    </package>
    <package name="Eloquent\Schemer\Constraint\Reader">
      <file name="/home/travis/build/eloquent/schemer/src/Eloquent/Schemer/Constraint/Reader/SchemaReader.php">
        <class name="SchemaReader" namespace="Eloquent\Schemer\Constraint\Reader">
          <metrics methods="6" coveredmethods="0" conditionals="0" coveredconditionals="0" statements="39" coveredstatements="0" elements="45" coveredelements="0"/>
        </class>
        <line num="10" type="stmt" count="0"/>
        <line num="27" type="method" name="__construct" crap="12" count="0"/>
        <line num="28" type="stmt" count="0"/>
        <line num="29" type="stmt" count="0"/>
        <line num="30" type="stmt" count="0"/>
        <line num="31" type="stmt" count="0"/>
        <line num="32" type="stmt" count="0"/>
        <line num="33" type="stmt" count="0"/>
        <line num="34" type="stmt" count="0"/>
        <line num="35" type="stmt" count="0"/>
        <line num="36" type="stmt" count="0"/>
        <line num="38" type="stmt" count="0"/>
        <line num="39" type="stmt" count="0"/>
        <line num="40" type="stmt" count="0"/>
        <line num="45" type="method" name="schemaFactory" crap="2" count="0"/>
        <line num="46" type="stmt" count="0"/>
        <line num="47" type="stmt" count="0"/>
        <line num="48" type="stmt" count="0"/>
        <line num="53" type="method" name="reader" crap="2" count="0"/>
        <line num="54" type="stmt" count="0"/>
        <line num="55" type="stmt" count="0"/>
        <line num="56" type="stmt" count="0"/>
        <line num="64" type="method" name="read" crap="2" count="0"/>
        <line num="65" type="stmt" count="0"/>
        <line num="66" type="stmt" count="0"/>
        <line num="67" type="stmt" count="0"/>
        <line num="68" type="stmt" count="0"/>
        <line num="69" type="stmt" count="0"/>
        <line num="77" type="method" name="readPath" crap="2" count="0"/>
        <line num="78" type="stmt" count="0"/>
        <line num="79" type="stmt" count="0"/>
        <line num="80" type="stmt" count="0"/>
        <line num="81" type="stmt" count="0"/>
        <line num="82" type="stmt" count="0"/>
        <line num="90" type="method" name="readString" crap="2" count="0"/>
        <line num="91" type="stmt" count="0"/>
        <line num="92" type="stmt" count="0"/>
        <line num="93" type="stmt" count="0"/>
        <line num="94" type="stmt" count="0"/>
        <line num="95" type="stmt" count="0"/>
        <metrics loc="99" ncloc="63" classes="1" methods="6" coveredmethods="0" conditionals="0" coveredconditionals="0" statements="40" coveredstatements="0" elements="46" coveredelements="0"/>
      </file>
    </package>
    <file name="/home/travis/build/eloquent/schemer/src/Eloquent/Schemer/Constraint/Reader/SchemaReaderInterface.php">
      <line num="10" type="stmt" count="0"/>
      <metrics loc="42" ncloc="16" classes="0" methods="0" coveredmethods="0" conditionals="0" coveredconditionals="0" statements="1" coveredstatements="0" elements="1" coveredelements="0"/>
    </file>
    <package name="Eloquent\Schemer\Constraint\Renderer">
      <file name="/home/travis/build/eloquent/schemer/src/Eloquent/Schemer/Constraint/Renderer/ConstraintFailureRenderer.php">
        <class name="ConstraintFailureRenderer" namespace="Eloquent\Schemer\Constraint\Renderer">
          <metrics methods="33" coveredmethods="0" conditionals="0" coveredconditionals="0" statements="97" coveredstatements="0" elements="130" coveredelements="0"/>
        </class>
        <line num="33" type="method" name="visitSchema" crap="2" count="0"/>
        <line num="35" type="stmt" count="0"/>
        <line num="45" type="method" name="visitEnumConstraint" crap="12" count="0"/>
        <line num="47" type="stmt" count="0"/>
        <line num="48" type="stmt" count="0"/>
        <line num="49" type="stmt" count="0"/>
        <line num="50" type="stmt" count="0"/>
        <line num="52" type="stmt" count="0"/>
        <line num="53" type="stmt" count="0"/>
        <line num="54" type="stmt" count="0"/>
        <line num="55" type="stmt" count="0"/>
        <line num="56" type="stmt" count="0"/>
        <line num="59" type="stmt" count="0"/>
        <line num="60" type="stmt" count="0"/>
        <line num="61" type="stmt" count="0"/>
        <line num="62" type="stmt" count="0"/>
        <line num="70" type="method" name="visitTypeConstraint" crap="2" count="0"/>
        <line num="72" type="method" name="anonymous function" crap="2" count="0"/>
        <line num="73" type="stmt" count="0"/>
        <line num="74" type="stmt" count="0"/>
        <line num="76" type="stmt" count="0"/>
        <line num="77" type="stmt" count="0"/>
        <line num="78" type="stmt" count="0"/>
        <line num="79" type="stmt" count="0"/>
        <line num="80" type="stmt" count="0"/>
        <line num="83" type="stmt" count="0"/>
        <line num="84" type="stmt" count="0"/>
        <line num="85" type="stmt" count="0"/>
        <line num="86" type="stmt" count="0"/>
        <line num="94" type="method" name="visitAllOfConstraint" crap="2" count="0"/>
        <line num="96" type="stmt" count="0"/>
        <line num="104" type="method" name="visitAnyOfConstraint" crap="2" count="0"/>
        <line num="106" type="stmt" count="0"/>
        <line num="114" type="method" name="visitOneOfConstraint" crap="2" count="0"/>
        <line num="116" type="stmt" count="0"/>
        <line num="124" type="method" name="visitNotConstraint" crap="2" count="0"/>
        <line num="126" type="stmt" count="0"/>
        <line num="136" type="method" name="visitMaximumPropertiesConstraint" crap="2" count="0"/>
        <line num="138" type="stmt" count="0"/>
        <line num="139" type="stmt" count="0"/>
        <line num="140" type="stmt" count="0"/>
        <line num="141" type="stmt" count="0"/>
        <line num="149" type="method" name="visitMinimumPropertiesConstraint" crap="2" count="0"/>
        <line num="151" type="stmt" count="0"/>
        <line num="152" type="stmt" count="0"/>
        <line num="153" type="stmt" count="0"/>
        <line num="154" type="stmt" count="0"/>
        <line num="162" type="method" name="visitRequiredConstraint" crap="2" count="0"/>
        <line num="164" type="stmt" count="0"/>
        <line num="165" type="stmt" count="0"/>
        <line num="166" type="stmt" count="0"/>
        <line num="167" type="stmt" count="0"/>
        <line num="175" type="method" name="visitPropertiesConstraint" crap="2" count="0"/>
        <line num="177" type="stmt" count="0"/>
        <line num="185" type="method" name="visitAdditionalPropertyConstraint" crap="2" count="0"/>
        <line num="187" type="stmt" count="0"/>
        <line num="195" type="method" name="visitDependencyConstraint" crap="2" count="0"/>
        <line num="197" type="stmt" count="0"/>
        <line num="207" type="method" name="visitItemsConstraint" crap="2" count="0"/>
        <line num="209" type="stmt" count="0"/>
        <line num="217" type="method" name="visitAdditionalItemConstraint" crap="2" count="0"/>
        <line num="219" type="stmt" count="0"/>
        <line num="227" type="method" name="visitMaximumItemsConstraint" crap="2" count="0"/>
        <line num="229" type="stmt" count="0"/>
        <line num="230" type="stmt" count="0"/>
        <line num="231" type="stmt" count="0"/>
        <line num="232" type="stmt" count="0"/>
        <line num="240" type="method" name="visitMinimumItemsConstraint" crap="2" count="0"/>
        <line num="242" type="stmt" count="0"/>
        <line num="243" type="stmt" count="0"/>
        <line num="244" type="stmt" count="0"/>
        <line num="245" type="stmt" count="0"/>
        <line num="253" type="method" name="visitUniqueItemsConstraint" crap="2" count="0"/>
        <line num="255" type="stmt" count="0"/>
        <line num="265" type="method" name="visitMaximumLengthConstraint" crap="2" count="0"/>
        <line num="267" type="stmt" count="0"/>
        <line num="268" type="stmt" count="0"/>
        <line num="269" type="stmt" count="0"/>
        <line num="270" type="stmt" count="0"/>
        <line num="278" type="method" name="visitMinimumLengthConstraint" crap="2" count="0"/>
        <line num="280" type="stmt" count="0"/>
        <line num="281" type="stmt" count="0"/>
        <line num="282" type="stmt" count="0"/>
        <line num="283" type="stmt" count="0"/>
        <line num="291" type="method" name="visitPatternConstraint" crap="2" count="0"/>
        <line num="293" type="stmt" count="0"/>
        <line num="294" type="stmt" count="0"/>
        <line num="295" type="stmt" count="0"/>
        <line num="296" type="stmt" count="0"/>
        <line num="304" type="method" name="visitDateTimeFormatConstraint" crap="2" count="0"/>
        <line num="306" type="stmt" count="0"/>
        <line num="314" type="method" name="visitEmailFormatConstraint" crap="2" count="0"/>
        <line num="316" type="stmt" count="0"/>
        <line num="324" type="method" name="visitHostnameFormatConstraint" crap="2" count="0"/>
        <line num="326" type="stmt" count="0"/>
        <line num="334" type="method" name="visitIpv4AddressFormatConstraint" crap="2" count="0"/>
        <line num="336" type="stmt" count="0"/>
        <line num="344" type="method" name="visitIpv6AddressFormatConstraint" crap="2" count="0"/>
        <line num="346" type="stmt" count="0"/>
        <line num="354" type="method" name="visitUriFormatConstraint" crap="2" count="0"/>
        <line num="356" type="stmt" count="0"/>
        <line num="366" type="method" name="visitMultipleOfConstraint" crap="2" count="0"/>
        <line num="368" type="stmt" count="0"/>
        <line num="369" type="stmt" count="0"/>
        <line num="370" type="stmt" count="0"/>
        <line num="371" type="stmt" count="0"/>
        <line num="379" type="method" name="visitMaximumConstraint" crap="2" count="0"/>
        <line num="381" type="stmt" count="0"/>
        <line num="382" type="stmt" count="0"/>
        <line num="383" type="stmt" count="0"/>
        <line num="384" type="stmt" count="0"/>
        <line num="392" type="method" name="visitMinimumConstraint" crap="2" count="0"/>
        <line num="394" type="stmt" count="0"/>
        <line num="395" type="stmt" count="0"/>
        <line num="396" type="stmt" count="0"/>
        <line num="397" type="stmt" count="0"/>
        <line num="407" type="method" name="visitMaximumDateTimeConstraint" crap="2" count="0"/>
        <line num="409" type="stmt" count="0"/>
        <line num="410" type="stmt" count="0"/>
        <line num="411" type="stmt" count="0"/>
        <line num="412" type="stmt" count="0"/>
        <line num="420" type="method" name="visitMinimumDateTimeConstraint" crap="2" count="0"/>
        <line num="422" type="stmt" count="0"/>
        <line num="423" type="stmt" count="0"/>
        <line num="424" type="stmt" count="0"/>
        <line num="425" type="stmt" count="0"/>
        <line num="428" type="stmt" count="0"/>
        <metrics loc="427" ncloc="247" classes="1" methods="32" coveredmethods="0" conditionals="0" coveredconditionals="0" statements="94" coveredstatements="0" elements="126" coveredelements="0"/>
      </file>
    </package>
    <package name="Eloquent\Schemer\Constraint">
      <file name="/home/travis/build/eloquent/schemer/src/Eloquent/Schemer/Constraint/Schema.php">
        <class name="Schema" namespace="Eloquent\Schemer\Constraint">
          <metrics methods="10" coveredmethods="0" conditionals="0" coveredconditionals="0" statements="23" coveredstatements="0" elements="33" coveredelements="0"/>
        </class>
        <line num="24" type="method" name="__construct" crap="6" count="0"/>
        <line num="30" type="stmt" count="0"/>
        <line num="31" type="stmt" count="0"/>
        <line num="32" type="stmt" count="0"/>
        <line num="34" type="stmt" count="0"/>
        <line num="35" type="stmt" count="0"/>
        <line num="36" type="stmt" count="0"/>
        <line num="37" type="stmt" count="0"/>
        <line num="38" type="stmt" count="0"/>
        <line num="43" type="method" name="addConstraint" crap="2" count="0"/>
        <line num="45" type="stmt" count="0"/>
        <line num="46" type="stmt" count="0"/>
        <line num="51" type="method" name="addConstraints" crap="6" count="0"/>
        <line num="53" type="stmt" count="0"/>
        <line num="54" type="stmt" count="0"/>
        <line num="55" type="stmt" count="0"/>
        <line num="56" type="stmt" count="0"/>
        <line num="61" type="method" name="setConstraints" crap="2" count="0"/>
        <line num="63" type="stmt" count="0"/>
        <line num="64" type="stmt" count="0"/>
        <line num="65" type="stmt" count="0"/>
        <line num="70" type="method" name="constraints" crap="2" count="0"/>
        <line num="72" type="stmt" count="0"/>
        <line num="78" type="method" name="defaultValue" crap="2" count="0"/>
        <line num="80" type="stmt" count="0"/>
        <line num="86" type="method" name="title" crap="2" count="0"/>
        <line num="88" type="stmt" count="0"/>
        <line num="94" type="method" name="description" crap="2" count="0"/>
        <line num="96" type="stmt" count="0"/>
        <line num="102" type="method" name="isEmpty" crap="2" count="0"/>
        <line num="104" type="stmt" count="0"/>
        <line num="112" type="method" name="accept" crap="2" count="0"/>
        <line num="114" type="stmt" count="0"/>
        <line num="122" type="stmt" count="0"/>
        <metrics loc="121" ncloc="78" classes="1" methods="10" coveredmethods="0" conditionals="0" coveredconditionals="0" statements="23" coveredstatements="0" elements="33" coveredelements="0"/>
      </file>
    </package>
    <file name="/home/travis/build/eloquent/schemer/src/Eloquent/Schemer/Constraint/SchemaInterface.php">
      <line num="17" type="stmt" count="0"/>
      <metrics loc="16" ncloc="8" classes="0" methods="0" coveredmethods="0" conditionals="0" coveredconditionals="0" statements="0" coveredstatements="0" elements="0" coveredelements="0"/>
    </file>
    <package name="Eloquent\Schemer\Constraint\StringValue">
      <file name="/home/travis/build/eloquent/schemer/src/Eloquent/Schemer/Constraint/StringValue/DateTimeFormatConstraint.php">
        <class name="DateTimeFormatConstraint" namespace="Eloquent\Schemer\Constraint\StringValue">
          <metrics methods="1" coveredmethods="0" conditionals="0" coveredconditionals="0" statements="1" coveredstatements="0" elements="2" coveredelements="0"/>
        </class>
        <line num="24" type="method" name="accept" crap="2" count="0"/>
        <line num="26" type="stmt" count="0"/>
        <line num="29" type="stmt" count="0"/>
        <metrics loc="28" ncloc="15" classes="1" methods="1" coveredmethods="0" conditionals="0" coveredconditionals="0" statements="1" coveredstatements="0" elements="2" coveredelements="0"/>
      </file>
      <file name="/home/travis/build/eloquent/schemer/src/Eloquent/Schemer/Constraint/StringValue/EmailFormatConstraint.php">
        <class name="EmailFormatConstraint" namespace="Eloquent\Schemer\Constraint\StringValue">
          <metrics methods="1" coveredmethods="0" conditionals="0" coveredconditionals="0" statements="1" coveredstatements="0" elements="2" coveredelements="0"/>
        </class>
        <line num="24" type="method" name="accept" crap="2" count="0"/>
        <line num="26" type="stmt" count="0"/>
        <line num="29" type="stmt" count="0"/>
        <metrics loc="28" ncloc="15" classes="1" methods="1" coveredmethods="0" conditionals="0" coveredconditionals="0" statements="1" coveredstatements="0" elements="2" coveredelements="0"/>
      </file>
      <file name="/home/travis/build/eloquent/schemer/src/Eloquent/Schemer/Constraint/StringValue/HostnameFormatConstraint.php">
        <class name="HostnameFormatConstraint" namespace="Eloquent\Schemer\Constraint\StringValue">
          <metrics methods="1" coveredmethods="0" conditionals="0" coveredconditionals="0" statements="1" coveredstatements="0" elements="2" coveredelements="0"/>
        </class>
        <line num="24" type="method" name="accept" crap="2" count="0"/>
        <line num="26" type="stmt" count="0"/>
        <line num="29" type="stmt" count="0"/>
        <metrics loc="28" ncloc="15" classes="1" methods="1" coveredmethods="0" conditionals="0" coveredconditionals="0" statements="1" coveredstatements="0" elements="2" coveredelements="0"/>
      </file>
      <file name="/home/travis/build/eloquent/schemer/src/Eloquent/Schemer/Constraint/StringValue/Ipv4AddressFormatConstraint.php">
        <class name="Ipv4AddressFormatConstraint" namespace="Eloquent\Schemer\Constraint\StringValue">
          <metrics methods="1" coveredmethods="0" conditionals="0" coveredconditionals="0" statements="1" coveredstatements="0" elements="2" coveredelements="0"/>
        </class>
        <line num="24" type="method" name="accept" crap="2" count="0"/>
        <line num="26" type="stmt" count="0"/>
        <line num="29" type="stmt" count="0"/>
        <metrics loc="28" ncloc="15" classes="1" methods="1" coveredmethods="0" conditionals="0" coveredconditionals="0" statements="1" coveredstatements="0" elements="2" coveredelements="0"/>
      </file>
      <file name="/home/travis/build/eloquent/schemer/src/Eloquent/Schemer/Constraint/StringValue/Ipv6AddressFormatConstraint.php">
        <class name="Ipv6AddressFormatConstraint" namespace="Eloquent\Schemer\Constraint\StringValue">
          <metrics methods="1" coveredmethods="0" conditionals="0" coveredconditionals="0" statements="1" coveredstatements="0" elements="2" coveredelements="0"/>
        </class>
        <line num="24" type="method" name="accept" crap="2" count="0"/>
        <line num="26" type="stmt" count="0"/>
        <line num="29" type="stmt" count="0"/>
        <metrics loc="28" ncloc="15" classes="1" methods="1" coveredmethods="0" conditionals="0" coveredconditionals="0" statements="1" coveredstatements="0" elements="2" coveredelements="0"/>
      </file>
      <file name="/home/travis/build/eloquent/schemer/src/Eloquent/Schemer/Constraint/StringValue/MaximumLengthConstraint.php">
        <class name="MaximumLengthConstraint" namespace="Eloquent\Schemer\Constraint\StringValue">
          <metrics methods="3" coveredmethods="0" conditionals="0" coveredconditionals="0" statements="4" coveredstatements="0" elements="7" coveredelements="0"/>
        </class>
        <line num="22" type="method" name="__construct" crap="2" count="0"/>
        <line num="24" type="stmt" count="0"/>
        <line num="25" type="stmt" count="0"/>
        <line num="30" type="method" name="maximum" crap="2" count="0"/>
        <line num="32" type="stmt" count="0"/>
        <line num="40" type="method" name="accept" crap="2" count="0"/>
        <line num="42" type="stmt" count="0"/>
        <line num="47" type="stmt" count="0"/>
        <metrics loc="46" ncloc="27" classes="1" methods="3" coveredmethods="0" conditionals="0" coveredconditionals="0" statements="4" coveredstatements="0" elements="7" coveredelements="0"/>
      </file>
      <file name="/home/travis/build/eloquent/schemer/src/Eloquent/Schemer/Constraint/StringValue/MinimumLengthConstraint.php">
        <class name="MinimumLengthConstraint" namespace="Eloquent\Schemer\Constraint\StringValue">
          <metrics methods="3" coveredmethods="0" conditionals="0" coveredconditionals="0" statements="4" coveredstatements="0" elements="7" coveredelements="0"/>
        </class>
        <line num="22" type="method" name="__construct" crap="2" count="0"/>
        <line num="24" type="stmt" count="0"/>
        <line num="25" type="stmt" count="0"/>
        <line num="30" type="method" name="minimum" crap="2" count="0"/>
        <line num="32" type="stmt" count="0"/>
        <line num="40" type="method" name="accept" crap="2" count="0"/>
        <line num="42" type="stmt" count="0"/>
        <line num="47" type="stmt" count="0"/>
        <metrics loc="46" ncloc="27" classes="1" methods="3" coveredmethods="0" conditionals="0" coveredconditionals="0" statements="4" coveredstatements="0" elements="7" coveredelements="0"/>
      </file>
      <file name="/home/travis/build/eloquent/schemer/src/Eloquent/Schemer/Constraint/StringValue/PatternConstraint.php">
[...]
        <line num="27" type="stmt" count="0"/>
        <line num="28" type="stmt" count="0"/>
        <line num="29" type="stmt" count="0"/>
        <line num="30" type="stmt" count="0"/>
        <line num="31" type="stmt" count="0"/>
        <line num="36" type="method" name="property" crap="2" count="0"/>
        <line num="37" type="stmt" count="0"/>
        <line num="38" type="stmt" count="0"/>
        <line num="39" type="stmt" count="0"/>
        <metrics loc="42" ncloc="27" classes="1" methods="2" coveredmethods="0" conditionals="0" coveredconditionals="0" statements="14" coveredstatements="0" elements="16" coveredelements="0"/>
      </file>
      <file name="/home/travis/build/eloquent/schemer/src/Eloquent/Schemer/Value/Exception/UnexpectedValueTypeException.php">
        <class name="UnexpectedValueTypeException" namespace="Eloquent\Schemer\Value\Exception">
          <metrics methods="3" coveredmethods="0" conditionals="0" coveredconditionals="0" statements="25" coveredstatements="0" elements="28" coveredelements="0"/>
        </class>
        <line num="10" type="stmt" count="0"/>
        <line num="23" type="method" name="__construct" crap="2" count="0"/>
        <line num="24" type="stmt" count="0"/>
        <line num="25" type="stmt" count="0"/>
        <line num="26" type="stmt" count="0"/>
        <line num="27" type="stmt" count="0"/>
        <line num="28" type="stmt" count="0"/>
        <line num="29" type="stmt" count="0"/>
        <line num="31" type="stmt" count="0"/>
        <line num="32" type="stmt" count="0"/>
        <line num="33" type="stmt" count="0"/>
        <line num="34" type="stmt" count="0"/>
        <line num="35" type="stmt" count="0"/>
        <line num="36" type="stmt" count="0"/>
        <line num="37" type="stmt" count="0"/>
        <line num="38" type="stmt" count="0"/>
        <line num="39" type="stmt" count="0"/>
        <line num="40" type="stmt" count="0"/>
        <line num="45" type="method" name="value" crap="2" count="0"/>
        <line num="46" type="stmt" count="0"/>
        <line num="47" type="stmt" count="0"/>
        <line num="48" type="stmt" count="0"/>
        <line num="53" type="method" name="expectedType" crap="2" count="0"/>
        <line num="54" type="stmt" count="0"/>
        <line num="55" type="stmt" count="0"/>
        <line num="56" type="stmt" count="0"/>
        <metrics loc="60" ncloc="41" classes="1" methods="3" coveredmethods="0" conditionals="0" coveredconditionals="0" statements="26" coveredstatements="0" elements="29" coveredelements="0"/>
      </file>
      <file name="/home/travis/build/eloquent/schemer/src/Eloquent/Schemer/Value/Exception/UnsupportedValueTypeException.php">
        <class name="UnsupportedValueTypeException" namespace="Eloquent\Schemer\Value\Exception">
          <metrics methods="2" coveredmethods="0" conditionals="0" coveredconditionals="0" statements="16" coveredstatements="0" elements="18" coveredelements="0"/>
        </class>
        <line num="10" type="stmt" count="0"/>
        <line num="22" type="method" name="__construct" crap="2" count="0"/>
        <line num="23" type="stmt" count="0"/>
        <line num="24" type="stmt" count="0"/>
        <line num="26" type="stmt" count="0"/>
        <line num="27" type="stmt" count="0"/>
        <line num="28" type="stmt" count="0"/>
        <line num="29" type="stmt" count="0"/>
        <line num="30" type="stmt" count="0"/>
        <line num="31" type="stmt" count="0"/>
        <line num="32" type="stmt" count="0"/>
        <line num="33" type="stmt" count="0"/>
        <line num="34" type="stmt" count="0"/>
        <line num="39" type="method" name="value" crap="2" count="0"/>
        <line num="40" type="stmt" count="0"/>
        <line num="41" type="stmt" count="0"/>
        <line num="42" type="stmt" count="0"/>
        <metrics loc="45" ncloc="30" classes="1" methods="2" coveredmethods="0" conditionals="0" coveredconditionals="0" statements="17" coveredstatements="0" elements="19" coveredelements="0"/>
      </file>
    </package>
    <package name="Eloquent\Schemer\Value\Factory">
      <file name="/home/travis/build/eloquent/schemer/src/Eloquent/Schemer/Value/Factory/ValueFactory.php">
        <class name="ValueFactory" namespace="Eloquent\Schemer\Value\Factory">
          <metrics methods="11" coveredmethods="9" conditionals="0" coveredconditionals="0" statements="90" coveredstatements="62" elements="101" coveredelements="71"/>
        </class>
        <line num="26" type="method" name="create" crap="1" count="5"/>
        <line num="28" type="stmt" count="5"/>
        <line num="29" type="stmt" count="5"/>
        <line num="30" type="stmt" count="5"/>
        <line num="32" type="stmt" count="5"/>
        <line num="40" type="method" name="createValue" crap="12.33" count="5"/>
        <line num="42" type="stmt" count="5"/>
        <line num="43" type="stmt" count="5"/>
        <line num="44" type="stmt" count="4"/>
        <line num="47" type="stmt" count="5"/>
        <line num="49" type="stmt" count="5"/>
        <line num="50" type="stmt" count="0"/>
        <line num="51" type="stmt" count="5"/>
        <line num="52" type="stmt" count="0"/>
        <line num="53" type="stmt" count="5"/>
        <line num="54" type="stmt" count="0"/>
        <line num="55" type="stmt" count="5"/>
        <line num="56" type="stmt" count="0"/>
        <line num="57" type="stmt" count="5"/>
        <line num="58" type="stmt" count="5"/>
        <line num="59" type="stmt" count="5"/>
        <line num="60" type="stmt" count="3"/>
        <line num="61" type="stmt" count="3"/>
        <line num="62" type="stmt" count="3"/>
        <line num="63" type="stmt" count="0"/>
        <line num="66" type="stmt" count="3"/>
        <line num="69" type="stmt" count="0"/>
        <line num="77" type="method" name="createArray" crap="4" count="3"/>
        <line num="79" type="stmt" count="3"/>
        <line num="80" type="stmt" count="3"/>
        <line num="81" type="stmt" count="3"/>
        <line num="84" type="stmt" count="1"/>
        <line num="85" type="stmt" count="1"/>
        <line num="87" type="stmt" count="1"/>
        <line num="88" type="stmt" count="1"/>
        <line num="89" type="stmt" count="1"/>
        <line num="91" type="stmt" count="1"/>
        <line num="99" type="method" name="createObjectFromArray" crap="4.03" count="3"/>
        <line num="101" type="stmt" count="3"/>
        <line num="102" type="stmt" count="0"/>
        <line num="105" type="stmt" count="3"/>
        <line num="106" type="stmt" count="3"/>
        <line num="108" type="stmt" count="3"/>
        <line num="109" type="stmt" count="3"/>
        <line num="110" type="stmt" count="3"/>
        <line num="112" type="stmt" count="3"/>
        <line num="120" type="method" name="createReferenceFromArray" crap="12" count="0"/>
        <line num="122" type="stmt" count="0"/>
        <line num="123" type="stmt" count="0"/>
        <line num="124" type="stmt" count="0"/>
        <line num="125" type="stmt" count="0"/>
        <line num="126" type="stmt" count="0"/>
        <line num="128" type="stmt" count="0"/>
        <line num="129" type="stmt" count="0"/>
        <line num="130" type="stmt" count="0"/>
        <line num="131" type="stmt" count="0"/>
        <line num="139" type="method" name="createObject" crap="5.39" count="3"/>
        <line num="141" type="stmt" count="3"/>
        <line num="142" type="stmt" count="0"/>
        <line num="145" type="stmt" count="3"/>
        <line num="146" type="stmt" count="3"/>
        <line num="148" type="stmt" count="3"/>
        <line num="149" type="stmt" count="3"/>
        <line num="150" type="stmt" count="3"/>
        <line num="151" type="stmt" count="0"/>
        <line num="152" type="stmt" count="0"/>
        <line num="154" type="stmt" count="3"/>
        <line num="155" type="stmt" count="3"/>
        <line num="157" type="stmt" count="3"/>
        <line num="165" type="method" name="createReferenceFromObject" crap="12" count="0"/>
        <line num="167" type="stmt" count="0"/>
        <line num="168" type="stmt" count="0"/>
        <line num="169" type="stmt" count="0"/>
        <line num="170" type="stmt" count="0"/>
        <line num="171" type="stmt" count="0"/>
        <line num="173" type="stmt" count="0"/>
        <line num="174" type="stmt" count="0"/>
        <line num="175" type="stmt" count="0"/>
        <line num="176" type="stmt" count="0"/>
        <line num="179" type="method" name="clear" crap="1" count="5"/>
        <line num="181" type="stmt" count="5"/>
        <line num="182" type="stmt" count="5"/>
        <line num="190" type="method" name="register" crap="1" count="5"/>
        <line num="192" type="stmt" count="5"/>
        <line num="194" type="stmt" count="5"/>
        <line num="202" type="method" name="instance" crap="5" count="5"/>
        <line num="204" type="stmt" count="5"/>
        <line num="205" type="stmt" count="5"/>
        <line num="207" type="stmt" count="5"/>
        <line num="208" type="stmt" count="3"/>
        <line num="209" type="stmt" count="5"/>
        <line num="210" type="stmt" count="1"/>
        <line num="213" type="stmt" count="4"/>
        <line num="215" type="stmt" count="5"/>
        <line num="217" type="stmt" count="5"/>
        <line num="226" type="method" name="isArrayReference" crap="1" count="3"/>
        <line num="228" type="stmt" count="3"/>
        <line num="229" type="stmt" count="3"/>
        <line num="230" type="stmt" count="3"/>
        <line num="231" type="stmt" count="3"/>
        <line num="233" type="stmt" count="3"/>
        <metrics loc="237" ncloc="177" classes="1" methods="11" coveredmethods="6" conditionals="0" coveredconditionals="0" statements="90" coveredstatements="62" elements="101" coveredelements="68"/>
      </file>
    </package>
    <file name="/home/travis/build/eloquent/schemer/src/Eloquent/Schemer/Value/Factory/ValueFactoryInterface.php">
      <line num="10" type="stmt" count="0"/>
      <metrics loc="22" ncloc="9" classes="0" methods="0" coveredmethods="0" conditionals="0" coveredconditionals="0" statements="1" coveredstatements="0" elements="1" coveredelements="0"/>
    </file>
    <file name="/home/travis/build/eloquent/schemer/src/Eloquent/Schemer/Value/NumberValueInterface.php">
      <line num="10" type="stmt" count="0"/>
      <metrics loc="16" ncloc="8" classes="0" methods="0" coveredmethods="0" conditionals="0" coveredconditionals="0" statements="1" coveredstatements="0" elements="1" coveredelements="0"/>
    </file>
    <package name="Eloquent\Schemer\Value\Transform">
      <file name="/home/travis/build/eloquent/schemer/src/Eloquent/Schemer/Value/Transform/AbstractValueTransform.php">
        <class name="AbstractValueTransform" namespace="Eloquent\Schemer\Value\Transform">
          <metrics methods="12" coveredmethods="0" conditionals="0" coveredconditionals="0" statements="36" coveredstatements="0" elements="48" coveredelements="0"/>
        </class>
        <line num="22" type="method" name="__construct" crap="2" count="0"/>
        <line num="24" type="stmt" count="0"/>
        <line num="25" type="stmt" count="0"/>
        <line num="32" type="method" name="transform" crap="2" count="0"/>
        <line num="34" type="stmt" count="0"/>
        <line num="35" type="stmt" count="0"/>
        <line num="36" type="stmt" count="0"/>
        <line num="38" type="stmt" count="0"/>
        <line num="46" type="method" name="visitArrayValue" crap="6" count="0"/>
        <line num="48" type="stmt" count="0"/>
        <line num="49" type="stmt" count="0"/>
        <line num="50" type="stmt" count="0"/>
        <line num="51" type="stmt" count="0"/>
        <line num="52" type="stmt" count="0"/>
        <line num="53" type="stmt" count="0"/>
        <line num="55" type="stmt" count="0"/>
        <line num="63" type="method" name="visitObjectValue" crap="6" count="0"/>
        <line num="65" type="stmt" count="0"/>
        <line num="66" type="stmt" count="0"/>
        <line num="67" type="stmt" count="0"/>
        <line num="68" type="stmt" count="0"/>
        <line num="69" type="stmt" count="0"/>
        <line num="70" type="stmt" count="0"/>
        <line num="72" type="stmt" count="0"/>
        <line num="75" type="method" name="initialize" crap="2" count="0"/>
        <line num="77" type="stmt" count="0"/>
        <line num="78" type="stmt" count="0"/>
        <line num="79" type="stmt" count="0"/>
        <line num="81" type="method" name="clear" crap="2" count="0"/>
        <line num="83" type="stmt" count="0"/>
        <line num="84" type="stmt" count="0"/>
        <line num="85" type="stmt" count="0"/>
        <line num="90" type="method" name="setValue" crap="2" count="0"/>
        <line num="92" type="stmt" count="0"/>
        <line num="93" type="stmt" count="0"/>
        <line num="98" type="method" name="value" crap="2" count="0"/>
        <line num="100" type="stmt" count="0"/>
        <line num="106" type="method" name="setContext" crap="2" count="0"/>
        <line num="108" type="stmt" count="0"/>
        <line num="109" type="stmt" count="0"/>
        <line num="114" type="method" name="pushContextAtom" crap="2" count="0"/>
        <line num="116" type="stmt" count="0"/>
        <line num="117" type="stmt" count="0"/>
        <line num="119" type="method" name="popContextAtom" crap="2" count="0"/>
        <line num="121" type="stmt" count="0"/>
        <line num="122" type="stmt" count="0"/>
        <line num="127" type="method" name="context" crap="2" count="0"/>
        <line num="129" type="stmt" count="0"/>
        <metrics loc="134" ncloc="96" classes="1" methods="12" coveredmethods="0" conditionals="0" coveredconditionals="0" statements="36" coveredstatements="0" elements="48" coveredelements="0"/>
      </file>
      <file name="/home/travis/build/eloquent/schemer/src/Eloquent/Schemer/Value/Transform/PlaceholderUnwrapTransform.php">
        <class name="PlaceholderUnwrapTransform" namespace="Eloquent\Schemer\Value\Transform">
          <metrics methods="7" coveredmethods="0" conditionals="0" coveredconditionals="0" statements="26" coveredstatements="0" elements="33" coveredelements="0"/>
        </class>
        <line num="23" type="method" name="visitArrayValue" crap="2" count="0"/>
        <line num="25" type="stmt" count="0"/>
        <line num="33" type="method" name="visitObjectValue" crap="2" count="0"/>
        <line num="35" type="stmt" count="0"/>
        <line num="43" type="method" name="visitPlaceholderValue" crap="12" count="0"/>
        <line num="45" type="stmt" count="0"/>
        <line num="46" type="stmt" count="0"/>
        <line num="47" type="stmt" count="0"/>
        <line num="49" type="stmt" count="0"/>
        <line num="52" type="stmt" count="0"/>
        <line num="53" type="stmt" count="0"/>
        <line num="54" type="stmt" count="0"/>
        <line num="56" type="stmt" count="0"/>
        <line num="64" type="method" name="transformValueContainer" crap="20" count="0"/>
        <line num="66" type="stmt" count="0"/>
        <line num="67" type="stmt" count="0"/>
        <line num="69" type="stmt" count="0"/>
        <line num="71" type="stmt" count="0"/>
        <line num="72" type="stmt" count="0"/>
        <line num="73" type="stmt" count="0"/>
        <line num="74" type="stmt" count="0"/>
        <line num="75" type="stmt" count="0"/>
        <line num="76" type="stmt" count="0"/>
        <line num="78" type="stmt" count="0"/>
        <line num="81" type="method" name="clear" crap="2" count="0"/>
        <line num="83" type="stmt" count="0"/>
        <line num="85" type="stmt" count="0"/>
        <line num="86" type="stmt" count="0"/>
        <line num="91" type="method" name="setVisited" crap="2" count="0"/>
        <line num="93" type="stmt" count="0"/>
        <line num="94" type="stmt" count="0"/>
        <line num="101" type="method" name="isVisited" crap="2" count="0"/>
        <line num="103" type="stmt" count="0"/>
        <metrics loc="108" ncloc="72" classes="1" methods="7" coveredmethods="0" conditionals="0" coveredconditionals="0" statements="26" coveredstatements="0" elements="33" coveredelements="0"/>
      </file>
    </package>
    <file name="/home/travis/build/eloquent/schemer/src/Eloquent/Schemer/Value/Transform/ValueTransformInterface.php">
      <line num="10" type="stmt" count="0"/>
      <metrics loc="24" ncloc="11" classes="0" methods="0" coveredmethods="0" conditionals="0" coveredconditionals="0" statements="1" coveredstatements="0" elements="1" coveredelements="0"/>
    </file>
    <file name="/home/travis/build/eloquent/schemer/src/Eloquent/Schemer/Value/ValueContainerInterface.php">
      <line num="10" type="stmt" count="0"/>
      <metrics loc="75" ncloc="27" classes="0" methods="0" coveredmethods="0" conditionals="0" coveredconditionals="0" statements="1" coveredstatements="0" elements="1" coveredelements="0"/>
    </file>
    <file name="/home/travis/build/eloquent/schemer/src/Eloquent/Schemer/Value/ValueInterface.php">
      <line num="10" type="stmt" count="0"/>
      <metrics loc="22" ncloc="9" classes="0" methods="0" coveredmethods="0" conditionals="0" coveredconditionals="0" statements="1" coveredstatements="0" elements="1" coveredelements="0"/>
    </file>
    <package name="Eloquent\Schemer\Value\Visitor">
      <file name="/home/travis/build/eloquent/schemer/src/Eloquent/Schemer/Value/Visitor/AbstractValueVisitor.php">
        <class name="AbstractValueVisitor" namespace="Eloquent\Schemer\Value\Visitor">
          <metrics methods="10" coveredmethods="0" conditionals="0" coveredconditionals="0" statements="10" coveredstatements="0" elements="20" coveredelements="0"/>
        </class>
        <line num="23" type="method" name="visitArrayValue" crap="2" count="0"/>
        <line num="25" type="stmt" count="0"/>
        <line num="33" type="method" name="visitBooleanValue" crap="2" count="0"/>
        <line num="35" type="stmt" count="0"/>
        <line num="43" type="method" name="visitFloatingPointValue" crap="2" count="0"/>
        <line num="45" type="stmt" count="0"/>
        <line num="53" type="method" name="visitIntegerValue" crap="2" count="0"/>
        <line num="55" type="stmt" count="0"/>
        <line num="63" type="method" name="visitNullValue" crap="2" count="0"/>
        <line num="65" type="stmt" count="0"/>
        <line num="73" type="method" name="visitObjectValue" crap="2" count="0"/>
        <line num="75" type="stmt" count="0"/>
        <line num="83" type="method" name="visitStringValue" crap="2" count="0"/>
        <line num="85" type="stmt" count="0"/>
        <line num="93" type="method" name="visitDateTimeValue" crap="2" count="0"/>
        <line num="95" type="stmt" count="0"/>
        <line num="103" type="method" name="visitReferenceValue" crap="2" count="0"/>
        <line num="105" type="stmt" count="0"/>
        <line num="113" type="method" name="visitPlaceholderValue" crap="2" count="0"/>
        <line num="115" type="stmt" count="0"/>
        <metrics loc="117" ncloc="59" classes="1" methods="10" coveredmethods="0" conditionals="0" coveredconditionals="0" statements="10" coveredstatements="0" elements="20" coveredelements="0"/>
      </file>
    </package>
    <file name="/home/travis/build/eloquent/schemer/src/Eloquent/Schemer/Value/Visitor/ValueVisitorInterface.php">
      <line num="10" type="stmt" count="0"/>
      <metrics loc="87" ncloc="29" classes="0" methods="0" coveredmethods="0" conditionals="0" coveredconditionals="0" statements="1" coveredstatements="0" elements="1" coveredelements="0"/>
    </file>
    <metrics files="158" loc="13033" ncloc="8439" classes="121" methods="652" coveredmethods="135" conditionals="0" coveredconditionals="0" statements="3432" coveredstatements="1379" elements="4084" coveredelements="1514"/>
  </project>
</coverage>
